<?xml version="1.0" encoding="UTF-8"?>
<!-- Generated by org.testng.reporters.JUnitReportReporter -->
<testsuite hostname="DESKTOP-OJLLBLB" failures="0" tests="1" name="TC002_POST_Request" time="3.298" errors="0" timestamp="2022-11-15T00:24:17 CST" skipped="0">
  <testcase classname="TC002_POST_Request" name="createdata" time="3.298"/>
  <system-out/>
</testsuite> <!-- TC002_POST_Request -->
