<?xml version="1.0" encoding="UTF-8"?>
<!-- Generated by org.testng.reporters.JUnitReportReporter -->
<testsuite hostname="DESKTOP-OJLLBLB" failures="0" tests="1" name="demo1_GET_Request" time="2.417" errors="0" timestamp="2022-11-14T23:34:52 CST" skipped="0">
  <testcase classname="demo1_GET_Request" name="getweatherdetails" time="2.417"/>
  <system-out/>
</testsuite> <!-- demo1_GET_Request -->
